[2019-11-23 18:55:09,586] SEVERE {b7a.log.crash} - TrustStore File ./bre/security/ballerinaTruststore.p12 not found 
java.lang.IllegalArgumentException: TrustStore File ./bre/security/ballerinaTruststore.p12 not found
	at org.wso2.transport.http.netty.contract.config.SslConfiguration.getSSLConfigForSender(SslConfiguration.java:256)
	at org.wso2.transport.http.netty.contract.config.SslConfiguration.getClientSSLConfig(SslConfiguration.java:184)
	at org.wso2.transport.http.netty.contractimpl.DefaultHttpClientConnector.initTargetChannelProperties(DefaultHttpClientConnector.java:362)
	at org.wso2.transport.http.netty.contractimpl.DefaultHttpClientConnector.<init>(DefaultHttpClientConnector.java:88)
	at org.wso2.transport.http.netty.contractimpl.DefaultHttpWsConnectorFactory.createHttpClientConnector(DefaultHttpWsConnectorFactory.java:154)
	at org.ballerinalang.net.http.clientendpoint.CreateSimpleHttpClient.createSimpleHttpClient(CreateSimpleHttpClient.java:116)
	at ballerina.http.client_endpoint.createSimpleHttpClient(client_endpoint.bal:259)
	at ballerina.http.$value$HttpClient.__init(http_client.bal:32)
	at ballerina.http.$value$HttpClient.call(http_client.bal)
	at ballerina.http.http_client.createClient(http_client.bal:204)
	at ballerina.http.http_secure_client.createHttpSecureClient(http_secure_client.bal:270)
	at ballerina.http.$value$HttpCachingClient.__init(caching/http_caching_client.bal:94)
	at ballerina.http.$value$HttpCachingClient.call(caching/http_caching_client.bal)
	at ballerina.http.caching.http_caching_client.createHttpCachingClient(caching/http_caching_client.bal:324)
	at ballerina.http.client_endpoint.checkForRetry(client_endpoint.bal:400)
	at ballerina.http.client_endpoint.initialize(client_endpoint.bal:369)
	at ballerina.http.$value$Client.__init(client_endpoint.bal:47)
	at ballerina.http.$value$Client.call(client_endpoint.bal)
	at https_client.main(https_client.bal:35)
	at ___init.$lambda$main$(.)
	at org.ballerinalang.jvm.scheduling.SchedulerItem.execute(Scheduler.java:408)
	at org.ballerinalang.jvm.scheduling.Scheduler.run(Scheduler.java:202)
	at org.ballerinalang.jvm.scheduling.Scheduler.runSafely(Scheduler.java:175)
	at java.lang.Thread.run(Thread.java:748)
 
[2019-11-23 18:55:09,590] SEVERE {b7a.log.crash} - TrustStore File ./bre/security/ballerinaTruststore.p12 not found 
java.lang.IllegalArgumentException: TrustStore File ./bre/security/ballerinaTruststore.p12 not found
	at org.wso2.transport.http.netty.contract.config.SslConfiguration.getSSLConfigForSender(SslConfiguration.java:256)
	at org.wso2.transport.http.netty.contract.config.SslConfiguration.getClientSSLConfig(SslConfiguration.java:184)
	at org.wso2.transport.http.netty.contractimpl.DefaultHttpClientConnector.initTargetChannelProperties(DefaultHttpClientConnector.java:362)
	at org.wso2.transport.http.netty.contractimpl.DefaultHttpClientConnector.<init>(DefaultHttpClientConnector.java:88)
	at org.wso2.transport.http.netty.contractimpl.DefaultHttpWsConnectorFactory.createHttpClientConnector(DefaultHttpWsConnectorFactory.java:154)
	at org.ballerinalang.net.http.clientendpoint.CreateSimpleHttpClient.createSimpleHttpClient(CreateSimpleHttpClient.java:116)
	at ballerina.http.client_endpoint.createSimpleHttpClient(client_endpoint.bal:259)
	at ballerina.http.$value$HttpClient.__init(http_client.bal:32)
	at ballerina.http.$value$HttpClient.call(http_client.bal)
	at ballerina.http.http_client.createClient(http_client.bal:204)
	at ballerina.http.http_secure_client.createHttpSecureClient(http_secure_client.bal:270)
	at ballerina.http.$value$HttpCachingClient.__init(caching/http_caching_client.bal:94)
	at ballerina.http.$value$HttpCachingClient.call(caching/http_caching_client.bal)
	at ballerina.http.caching.http_caching_client.createHttpCachingClient(caching/http_caching_client.bal:324)
	at ballerina.http.client_endpoint.checkForRetry(client_endpoint.bal:400)
	at ballerina.http.client_endpoint.initialize(client_endpoint.bal:369)
	at ballerina.http.$value$Client.__init(client_endpoint.bal:47)
	at ballerina.http.$value$Client.call(client_endpoint.bal)
	at https_client.main(https_client.bal:35)
	at ___init.$lambda$main$(.)
	at org.ballerinalang.jvm.scheduling.SchedulerItem.execute(Scheduler.java:408)
	at org.ballerinalang.jvm.scheduling.Scheduler.run(Scheduler.java:202)
	at org.ballerinalang.jvm.scheduling.Scheduler.runSafely(Scheduler.java:175)
	at java.lang.Thread.run(Thread.java:748)
 
[2019-11-23 19:54:37,368] SEVERE {b7a.log.crash} - TrustStoreFile or TrustStorePassword not defined for HTTPS/WS scheme 
java.lang.IllegalArgumentException: TrustStoreFile or TrustStorePassword not defined for HTTPS/WS scheme
	at org.wso2.transport.http.netty.contract.config.SslConfiguration.getSSLConfigForSender(SslConfiguration.java:252)
	at org.wso2.transport.http.netty.contract.config.SslConfiguration.getClientSSLConfig(SslConfiguration.java:184)
	at org.wso2.transport.http.netty.contractimpl.DefaultHttpClientConnector.initTargetChannelProperties(DefaultHttpClientConnector.java:362)
	at org.wso2.transport.http.netty.contractimpl.DefaultHttpClientConnector.<init>(DefaultHttpClientConnector.java:88)
	at org.wso2.transport.http.netty.contractimpl.DefaultHttpWsConnectorFactory.createHttpClientConnector(DefaultHttpWsConnectorFactory.java:154)
	at org.ballerinalang.net.http.clientendpoint.CreateSimpleHttpClient.createSimpleHttpClient(CreateSimpleHttpClient.java:116)
	at ballerina.http.client_endpoint.createSimpleHttpClient(client_endpoint.bal:259)
	at ballerina.http.$value$HttpClient.__init(http_client.bal:32)
	at ballerina.http.$value$HttpClient.call(http_client.bal)
	at ballerina.http.http_client.createClient(http_client.bal:204)
	at ballerina.http.http_secure_client.createHttpSecureClient(http_secure_client.bal:270)
	at ballerina.http.$value$HttpCachingClient.__init(caching/http_caching_client.bal:94)
	at ballerina.http.$value$HttpCachingClient.call(caching/http_caching_client.bal)
	at ballerina.http.caching.http_caching_client.createHttpCachingClient(caching/http_caching_client.bal:324)
	at ballerina.http.client_endpoint.checkForRetry(client_endpoint.bal:400)
	at ballerina.http.client_endpoint.initialize(client_endpoint.bal:369)
	at ballerina.http.$value$Client.__init(client_endpoint.bal:47)
	at ballerina.http.$value$Client.call(client_endpoint.bal)
	at https_client.main(https_client.bal:37)
	at ___init.$lambda$main$(.)
	at org.ballerinalang.jvm.scheduling.SchedulerItem.execute(Scheduler.java:408)
	at org.ballerinalang.jvm.scheduling.Scheduler.run(Scheduler.java:202)
	at org.ballerinalang.jvm.scheduling.Scheduler.runSafely(Scheduler.java:175)
	at java.lang.Thread.run(Thread.java:748)
 
[2019-11-23 19:54:37,371] SEVERE {b7a.log.crash} - TrustStoreFile or TrustStorePassword not defined for HTTPS/WS scheme 
java.lang.IllegalArgumentException: TrustStoreFile or TrustStorePassword not defined for HTTPS/WS scheme
	at org.wso2.transport.http.netty.contract.config.SslConfiguration.getSSLConfigForSender(SslConfiguration.java:252)
	at org.wso2.transport.http.netty.contract.config.SslConfiguration.getClientSSLConfig(SslConfiguration.java:184)
	at org.wso2.transport.http.netty.contractimpl.DefaultHttpClientConnector.initTargetChannelProperties(DefaultHttpClientConnector.java:362)
	at org.wso2.transport.http.netty.contractimpl.DefaultHttpClientConnector.<init>(DefaultHttpClientConnector.java:88)
	at org.wso2.transport.http.netty.contractimpl.DefaultHttpWsConnectorFactory.createHttpClientConnector(DefaultHttpWsConnectorFactory.java:154)
	at org.ballerinalang.net.http.clientendpoint.CreateSimpleHttpClient.createSimpleHttpClient(CreateSimpleHttpClient.java:116)
	at ballerina.http.client_endpoint.createSimpleHttpClient(client_endpoint.bal:259)
	at ballerina.http.$value$HttpClient.__init(http_client.bal:32)
	at ballerina.http.$value$HttpClient.call(http_client.bal)
	at ballerina.http.http_client.createClient(http_client.bal:204)
	at ballerina.http.http_secure_client.createHttpSecureClient(http_secure_client.bal:270)
	at ballerina.http.$value$HttpCachingClient.__init(caching/http_caching_client.bal:94)
	at ballerina.http.$value$HttpCachingClient.call(caching/http_caching_client.bal)
	at ballerina.http.caching.http_caching_client.createHttpCachingClient(caching/http_caching_client.bal:324)
	at ballerina.http.client_endpoint.checkForRetry(client_endpoint.bal:400)
	at ballerina.http.client_endpoint.initialize(client_endpoint.bal:369)
	at ballerina.http.$value$Client.__init(client_endpoint.bal:47)
	at ballerina.http.$value$Client.call(client_endpoint.bal)
	at https_client.main(https_client.bal:37)
	at ___init.$lambda$main$(.)
	at org.ballerinalang.jvm.scheduling.SchedulerItem.execute(Scheduler.java:408)
	at org.ballerinalang.jvm.scheduling.Scheduler.run(Scheduler.java:202)
	at org.ballerinalang.jvm.scheduling.Scheduler.runSafely(Scheduler.java:175)
	at java.lang.Thread.run(Thread.java:748)
 
[2019-11-23 20:02:10,542] SEVERE {b7a.log.crash} - TrustStoreFile or TrustStorePassword not defined for HTTPS/WS scheme 
java.lang.IllegalArgumentException: TrustStoreFile or TrustStorePassword not defined for HTTPS/WS scheme
	at org.wso2.transport.http.netty.contract.config.SslConfiguration.getSSLConfigForSender(SslConfiguration.java:252)
	at org.wso2.transport.http.netty.contract.config.SslConfiguration.getClientSSLConfig(SslConfiguration.java:184)
	at org.wso2.transport.http.netty.contractimpl.DefaultHttpClientConnector.initTargetChannelProperties(DefaultHttpClientConnector.java:362)
	at org.wso2.transport.http.netty.contractimpl.DefaultHttpClientConnector.<init>(DefaultHttpClientConnector.java:88)
	at org.wso2.transport.http.netty.contractimpl.DefaultHttpWsConnectorFactory.createHttpClientConnector(DefaultHttpWsConnectorFactory.java:154)
	at org.ballerinalang.net.http.clientendpoint.CreateSimpleHttpClient.createSimpleHttpClient(CreateSimpleHttpClient.java:116)
	at ballerina.http.client_endpoint.createSimpleHttpClient(client_endpoint.bal:259)
	at ballerina.http.$value$HttpClient.__init(http_client.bal:32)
	at ballerina.http.$value$HttpClient.call(http_client.bal)
	at ballerina.http.http_client.createClient(http_client.bal:204)
	at ballerina.http.http_secure_client.createHttpSecureClient(http_secure_client.bal:270)
	at ballerina.http.$value$HttpCachingClient.__init(caching/http_caching_client.bal:94)
	at ballerina.http.$value$HttpCachingClient.call(caching/http_caching_client.bal)
	at ballerina.http.caching.http_caching_client.createHttpCachingClient(caching/http_caching_client.bal:324)
	at ballerina.http.client_endpoint.checkForRetry(client_endpoint.bal:400)
	at ballerina.http.client_endpoint.initialize(client_endpoint.bal:369)
	at ballerina.http.$value$Client.__init(client_endpoint.bal:47)
	at ballerina.http.$value$Client.call(client_endpoint.bal)
	at https_client.main(https_client.bal:37)
	at ___init.$lambda$main$(.)
	at org.ballerinalang.jvm.scheduling.SchedulerItem.execute(Scheduler.java:408)
	at org.ballerinalang.jvm.scheduling.Scheduler.run(Scheduler.java:202)
	at org.ballerinalang.jvm.scheduling.Scheduler.runSafely(Scheduler.java:175)
	at java.lang.Thread.run(Thread.java:748)
 
[2019-11-23 20:02:10,546] SEVERE {b7a.log.crash} - TrustStoreFile or TrustStorePassword not defined for HTTPS/WS scheme 
java.lang.IllegalArgumentException: TrustStoreFile or TrustStorePassword not defined for HTTPS/WS scheme
	at org.wso2.transport.http.netty.contract.config.SslConfiguration.getSSLConfigForSender(SslConfiguration.java:252)
	at org.wso2.transport.http.netty.contract.config.SslConfiguration.getClientSSLConfig(SslConfiguration.java:184)
	at org.wso2.transport.http.netty.contractimpl.DefaultHttpClientConnector.initTargetChannelProperties(DefaultHttpClientConnector.java:362)
	at org.wso2.transport.http.netty.contractimpl.DefaultHttpClientConnector.<init>(DefaultHttpClientConnector.java:88)
	at org.wso2.transport.http.netty.contractimpl.DefaultHttpWsConnectorFactory.createHttpClientConnector(DefaultHttpWsConnectorFactory.java:154)
	at org.ballerinalang.net.http.clientendpoint.CreateSimpleHttpClient.createSimpleHttpClient(CreateSimpleHttpClient.java:116)
	at ballerina.http.client_endpoint.createSimpleHttpClient(client_endpoint.bal:259)
	at ballerina.http.$value$HttpClient.__init(http_client.bal:32)
	at ballerina.http.$value$HttpClient.call(http_client.bal)
	at ballerina.http.http_client.createClient(http_client.bal:204)
	at ballerina.http.http_secure_client.createHttpSecureClient(http_secure_client.bal:270)
	at ballerina.http.$value$HttpCachingClient.__init(caching/http_caching_client.bal:94)
	at ballerina.http.$value$HttpCachingClient.call(caching/http_caching_client.bal)
	at ballerina.http.caching.http_caching_client.createHttpCachingClient(caching/http_caching_client.bal:324)
	at ballerina.http.client_endpoint.checkForRetry(client_endpoint.bal:400)
	at ballerina.http.client_endpoint.initialize(client_endpoint.bal:369)
	at ballerina.http.$value$Client.__init(client_endpoint.bal:47)
	at ballerina.http.$value$Client.call(client_endpoint.bal)
	at https_client.main(https_client.bal:37)
	at ___init.$lambda$main$(.)
	at org.ballerinalang.jvm.scheduling.SchedulerItem.execute(Scheduler.java:408)
	at org.ballerinalang.jvm.scheduling.Scheduler.run(Scheduler.java:202)
	at org.ballerinalang.jvm.scheduling.Scheduler.runSafely(Scheduler.java:175)
	at java.lang.Thread.run(Thread.java:748)
 
[2019-11-23 20:12:02,383] SEVERE {b7a.log.crash} - a header name cannot contain the following prohibited characters: =,;: \t\r\n\v\f: : 
java.lang.IllegalArgumentException: a header name cannot contain the following prohibited characters: =,;: \t\r\n\v\f: :
	at io.netty.handler.codec.http.DefaultHttpHeaders.validateHeaderNameElement(DefaultHttpHeaders.java:393)
	at io.netty.handler.codec.http.DefaultHttpHeaders.access$200(DefaultHttpHeaders.java:45)
	at io.netty.handler.codec.http.DefaultHttpHeaders$2.validateName(DefaultHttpHeaders.java:69)
	at io.netty.handler.codec.http.DefaultHttpHeaders$2.validateName(DefaultHttpHeaders.java:54)
	at io.netty.handler.codec.DefaultHeaders.add(DefaultHeaders.java:295)
	at io.netty.handler.codec.DefaultHeaders.addObject(DefaultHeaders.java:327)
	at io.netty.handler.codec.http.DefaultHttpHeaders.add(DefaultHttpHeaders.java:117)
	at org.ballerinalang.mime.nativeimpl.headers.AddHeader.addHeader(AddHeader.java:60)
	at ballerina.mime.$value$Entity.addHeader(natives.bal:361)
	at ballerina.mime.$value$Entity.call(natives.bal)
	at ballerina.http.$value$Request.addHeader(http_request.bal:147)
	at ballerina.http.$value$Request.call(http_request.bal)
	at http_client.main(http_client.bal:8)
	at ___init.$lambda$main$(.)
	at org.ballerinalang.jvm.scheduling.SchedulerItem.execute(Scheduler.java:408)
	at org.ballerinalang.jvm.scheduling.Scheduler.run(Scheduler.java:202)
	at org.ballerinalang.jvm.scheduling.Scheduler.runSafely(Scheduler.java:175)
	at java.lang.Thread.run(Thread.java:748)
 
[2019-11-23 20:12:02,385] SEVERE {b7a.log.crash} - a header name cannot contain the following prohibited characters: =,;: \t\r\n\v\f: : 
java.lang.IllegalArgumentException: a header name cannot contain the following prohibited characters: =,;: \t\r\n\v\f: :
	at io.netty.handler.codec.http.DefaultHttpHeaders.validateHeaderNameElement(DefaultHttpHeaders.java:393)
	at io.netty.handler.codec.http.DefaultHttpHeaders.access$200(DefaultHttpHeaders.java:45)
	at io.netty.handler.codec.http.DefaultHttpHeaders$2.validateName(DefaultHttpHeaders.java:69)
	at io.netty.handler.codec.http.DefaultHttpHeaders$2.validateName(DefaultHttpHeaders.java:54)
	at io.netty.handler.codec.DefaultHeaders.add(DefaultHeaders.java:295)
	at io.netty.handler.codec.DefaultHeaders.addObject(DefaultHeaders.java:327)
	at io.netty.handler.codec.http.DefaultHttpHeaders.add(DefaultHttpHeaders.java:117)
	at org.ballerinalang.mime.nativeimpl.headers.AddHeader.addHeader(AddHeader.java:60)
	at ballerina.mime.$value$Entity.addHeader(natives.bal:361)
	at ballerina.mime.$value$Entity.call(natives.bal)
	at ballerina.http.$value$Request.addHeader(http_request.bal:147)
	at ballerina.http.$value$Request.call(http_request.bal)
	at http_client.main(http_client.bal:8)
	at ___init.$lambda$main$(.)
	at org.ballerinalang.jvm.scheduling.SchedulerItem.execute(Scheduler.java:408)
	at org.ballerinalang.jvm.scheduling.Scheduler.run(Scheduler.java:202)
	at org.ballerinalang.jvm.scheduling.Scheduler.runSafely(Scheduler.java:175)
	at java.lang.Thread.run(Thread.java:748)
 
[2019-11-23 20:30:45,074] SEVERE {b7a.log.crash} - TrustStoreFile or TrustStorePassword not defined for HTTPS/WS scheme 
java.lang.IllegalArgumentException: TrustStoreFile or TrustStorePassword not defined for HTTPS/WS scheme
	at org.wso2.transport.http.netty.contract.config.SslConfiguration.getSSLConfigForSender(SslConfiguration.java:252)
	at org.wso2.transport.http.netty.contract.config.SslConfiguration.getClientSSLConfig(SslConfiguration.java:184)
	at org.wso2.transport.http.netty.contractimpl.DefaultHttpClientConnector.initTargetChannelProperties(DefaultHttpClientConnector.java:362)
	at org.wso2.transport.http.netty.contractimpl.DefaultHttpClientConnector.<init>(DefaultHttpClientConnector.java:88)
	at org.wso2.transport.http.netty.contractimpl.DefaultHttpWsConnectorFactory.createHttpClientConnector(DefaultHttpWsConnectorFactory.java:154)
	at org.ballerinalang.net.http.clientendpoint.CreateSimpleHttpClient.createSimpleHttpClient(CreateSimpleHttpClient.java:116)
	at ballerina.http.client_endpoint.createSimpleHttpClient(client_endpoint.bal:259)
	at ballerina.http.$value$HttpClient.__init(http_client.bal:32)
	at ballerina.http.$value$HttpClient.call(http_client.bal)
	at ballerina.http.http_client.createClient(http_client.bal:204)
	at ballerina.http.http_secure_client.createHttpSecureClient(http_secure_client.bal:270)
	at ballerina.http.$value$HttpCachingClient.__init(caching/http_caching_client.bal:94)
	at ballerina.http.$value$HttpCachingClient.call(caching/http_caching_client.bal)
	at ballerina.http.caching.http_caching_client.createHttpCachingClient(caching/http_caching_client.bal:324)
	at ballerina.http.client_endpoint.checkForRetry(client_endpoint.bal:400)
	at ballerina.http.client_endpoint.initialize(client_endpoint.bal:369)
	at ballerina.http.$value$Client.__init(client_endpoint.bal:47)
	at ballerina.http.$value$Client.call(client_endpoint.bal)
	at https_client.main(https_client.bal:37)
	at ___init.$lambda$main$(.)
	at org.ballerinalang.jvm.scheduling.SchedulerItem.execute(Scheduler.java:408)
	at org.ballerinalang.jvm.scheduling.Scheduler.run(Scheduler.java:202)
	at org.ballerinalang.jvm.scheduling.Scheduler.runSafely(Scheduler.java:175)
	at java.lang.Thread.run(Thread.java:748)
 
[2019-11-23 20:30:45,079] SEVERE {b7a.log.crash} - TrustStoreFile or TrustStorePassword not defined for HTTPS/WS scheme 
java.lang.IllegalArgumentException: TrustStoreFile or TrustStorePassword not defined for HTTPS/WS scheme
	at org.wso2.transport.http.netty.contract.config.SslConfiguration.getSSLConfigForSender(SslConfiguration.java:252)
	at org.wso2.transport.http.netty.contract.config.SslConfiguration.getClientSSLConfig(SslConfiguration.java:184)
	at org.wso2.transport.http.netty.contractimpl.DefaultHttpClientConnector.initTargetChannelProperties(DefaultHttpClientConnector.java:362)
	at org.wso2.transport.http.netty.contractimpl.DefaultHttpClientConnector.<init>(DefaultHttpClientConnector.java:88)
	at org.wso2.transport.http.netty.contractimpl.DefaultHttpWsConnectorFactory.createHttpClientConnector(DefaultHttpWsConnectorFactory.java:154)
	at org.ballerinalang.net.http.clientendpoint.CreateSimpleHttpClient.createSimpleHttpClient(CreateSimpleHttpClient.java:116)
	at ballerina.http.client_endpoint.createSimpleHttpClient(client_endpoint.bal:259)
	at ballerina.http.$value$HttpClient.__init(http_client.bal:32)
	at ballerina.http.$value$HttpClient.call(http_client.bal)
	at ballerina.http.http_client.createClient(http_client.bal:204)
	at ballerina.http.http_secure_client.createHttpSecureClient(http_secure_client.bal:270)
	at ballerina.http.$value$HttpCachingClient.__init(caching/http_caching_client.bal:94)
	at ballerina.http.$value$HttpCachingClient.call(caching/http_caching_client.bal)
	at ballerina.http.caching.http_caching_client.createHttpCachingClient(caching/http_caching_client.bal:324)
	at ballerina.http.client_endpoint.checkForRetry(client_endpoint.bal:400)
	at ballerina.http.client_endpoint.initialize(client_endpoint.bal:369)
	at ballerina.http.$value$Client.__init(client_endpoint.bal:47)
	at ballerina.http.$value$Client.call(client_endpoint.bal)
	at https_client.main(https_client.bal:37)
	at ___init.$lambda$main$(.)
	at org.ballerinalang.jvm.scheduling.SchedulerItem.execute(Scheduler.java:408)
	at org.ballerinalang.jvm.scheduling.Scheduler.run(Scheduler.java:202)
	at org.ballerinalang.jvm.scheduling.Scheduler.runSafely(Scheduler.java:175)
	at java.lang.Thread.run(Thread.java:748)
 
